#
# There is insufficient memory for the Java Runtime Environment to continue.
# Native memory allocation (malloc) failed to allocate 1118176 bytes for Chunk::new
# Possible reasons:
#   The system is out of physical RAM or swap space
#   In 32 bit mode, the process size limit was hit
# Possible solutions:
#   Reduce memory load on the system
#   Increase physical memory or swap space
#   Check if swap backing store is full
#   Use 64 bit Java on a 64 bit OS
#   Decrease Java heap size (-Xmx/-Xms)
#   Decrease number of Java threads
#   Decrease Java thread stack sizes (-Xss)
#   Set larger code cache with -XX:ReservedCodeCacheSize=
# This output file may be truncated or incomplete.
#
#  Out of Memory Error (allocation.cpp:390), pid=8720, tid=0x0000000000001098
#
# JRE version: OpenJDK Runtime Environment (8.0_112-b06) (build 1.8.0_112-release-b06)
# Java VM: OpenJDK 64-Bit Server VM (25.112-b06 mixed mode windows-amd64 compressed oops)
# Failed to write core dump. Minidumps are not enabled by default on client versions of Windows
#

---------------  T H R E A D  ---------------

Current thread (0x0000000017fcf800):  JavaThread "C2 CompilerThread0" daemon [_thread_in_native, id=4248, stack(0x0000000019620000,0x0000000019720000)]

Stack: [0x0000000019620000,0x0000000019720000]
[error occurred during error reporting (printing stack bounds), id 0xc0000005]

Native frames: (J=compiled Java code, j=interpreted, Vv=VM code, C=native code)


Current CompileTask:
C2:   6695 1301       4       java.net.URLClassLoader$1::run (5 bytes)


---------------  P R O C E S S  ---------------

Java Threads: ( => current thread )
  0x000000001abd7000 JavaThread "Stdin handler" [_thread_blocked, id=15564, stack(0x000000001c910000,0x000000001ca10000)]
  0x000000001abdf000 JavaThread "Asynchronous log dispatcher for DefaultDaemonConnection: socket connection from /127.0.0.1:51888 to /127.0.0.1:51889" [_thread_blocked, id=1744, stack(0x000000001c810000,0x000000001c910000)]
  0x000000001abe7000 JavaThread "Daemon worker" [_thread_in_vm, id=15012, stack(0x000000001c710000,0x000000001c810000)]
  0x000000001abe4000 JavaThread "pool-1-thread-1" [_thread_blocked, id=17292, stack(0x000000001c610000,0x000000001c710000)]
  0x000000001abcd800 JavaThread "Cancel handler" [_thread_blocked, id=1236, stack(0x000000001c510000,0x000000001c610000)]
  0x000000001ab0a800 JavaThread "Handler for socket connection from /127.0.0.1:51888 to /127.0.0.1:51889" [_thread_in_native, id=16272, stack(0x000000001c410000,0x000000001c510000)]
  0x000000001aaf7800 JavaThread "Daemon" [_thread_blocked, id=2188, stack(0x000000001c310000,0x000000001c410000)]
  0x000000001a4a8800 JavaThread "Incoming local TCP Connector on port 51888" [_thread_in_native, id=7960, stack(0x000000001bc30000,0x000000001bd30000)]
  0x0000000019940800 JavaThread "Service Thread" daemon [_thread_blocked, id=3152, stack(0x0000000019d20000,0x0000000019e20000)]
  0x0000000017fd6000 JavaThread "C1 CompilerThread2" daemon [_thread_blocked, id=4412, stack(0x0000000019820000,0x0000000019920000)]
  0x0000000017fd2800 JavaThread "C2 CompilerThread1" daemon [_thread_in_native, id=7868, stack(0x0000000019720000,0x0000000019820000)]
=>0x0000000017fcf800 JavaThread "C2 CompilerThread0" daemon [_thread_in_native, id=4248, stack(0x0000000019620000,0x0000000019720000)]
  0x0000000017fcc800 JavaThread "Attach Listener" daemon [_thread_blocked, id=6396, stack(0x0000000019520000,0x0000000019620000)]
  0x0000000017fcb000 JavaThread "Signal Dispatcher" daemon [_thread_blocked, id=1944, stack(0x0000000019420000,0x0000000019520000)]
  0x0000000017fb7000 JavaThread "Finalizer" daemon [_thread_blocked, id=15352, stack(0x0000000019230000,0x0000000019330000)]
  0x0000000004654000 JavaThread "Reference Handler" daemon [_thread_blocked, id=5328, stack(0x0000000019130000,0x0000000019230000)]
  0x0000000004561000 JavaThread "main" [_thread_blocked, id=17220, stack(0x00000000043c0000,0x00000000044c0000)]

Other Threads:
  0x0000000017f95000 VMThread [stack: 0x0000000019030000,0x0000000019130000] [id=13604]
  0x000000001802c000 WatcherThread [stack: 0x0000000019e20000,0x0000000019f20000] [id=9100]

VM state:not at safepoint (normal execution)

VM Mutex/Monitor currently owned by a thread: None

Heap:
 PSYoungGen      total 37888K, used 32466K [0x00000000e0000000, 0x00000000e2a00000, 0x0000000100000000)
  eden space 32768K, 83% used [0x00000000e0000000,0x00000000e1aba4e0,0x00000000e2000000)
  from space 5120K, 99% used [0x00000000e2500000,0x00000000e29fa430,0x00000000e2a00000)
  to   space 5120K, 0% used [0x00000000e2000000,0x00000000e2000000,0x00000000e2500000)
 ParOldGen       total 86016K, used 755K [0x00000000a0000000, 0x00000000a5400000, 0x00000000e0000000)
  object space 86016K, 0% used [0x00000000a0000000,0x00000000a00bcf00,0x00000000a5400000)
 Metaspace       used 15755K, capacity 16040K, committed 16256K, reserved 1062912K
  class space    used 2188K, capacity 2313K, committed 2432K, reserved 1048576K

Card table byte_map: [0x0000000013a20000,0x0000000013d30000] byte_map_base: 0x0000000013520000

Marking Bits: (ParMarkBitMap*) 0x000000005bf818f0
 Begin Bits: [0x0000000014330000, 0x0000000015b30000)
 End Bits:   [0x0000000015b30000, 0x0000000017330000)

Polling page: 0x0000000002b60000

CodeCache: size=245760Kb used=4596Kb max_used=4651Kb free=241163Kb
 bounds [0x0000000004660000, 0x0000000004af0000, 0x0000000013660000]
 total_blobs=1724 nmethods=1336 adapters=301
 compilation: enabled

Compilation events (10 events):
Event: 6.680 Thread 0x0000000017fd6000 1351       3       sun.misc.ProxyGenerator::access$900 (5 bytes)
Event: 6.681 Thread 0x0000000017fd6000 nmethod 1351 0x0000000004ae16d0 code [0x0000000004ae1840, 0x0000000004ae1aa8]
Event: 6.681 Thread 0x0000000017fd6000 1353       3       java.io.ByteArrayOutputStream::grow (43 bytes)
Event: 6.681 Thread 0x0000000017fd6000 nmethod 1353 0x0000000004ae1b90 code [0x0000000004ae1d40, 0x0000000004ae2338]
Event: 6.681 Thread 0x0000000017fd6000 1352       3       sun.misc.ProxyGenerator$ConstantPool::getFieldRef (33 bytes)
Event: 6.681 Thread 0x0000000017fd6000 nmethod 1352 0x0000000004ae2590 code [0x0000000004ae2820, 0x0000000004ae35c8]
Event: 6.681 Thread 0x0000000017fd6000 1354       3       java.lang.StringBuilder::append (8 bytes)
Event: 6.681 Thread 0x0000000017fd6000 nmethod 1354 0x0000000004ada550 code [0x0000000004ada6c0, 0x0000000004ada848]
Event: 6.681 Thread 0x0000000017fd6000 1355       3       java.lang.AbstractStringBuilder::append (62 bytes)
Event: 6.682 Thread 0x0000000017fd6000 nmethod 1355 0x0000000004ae40d0 code [0x0000000004ae42c0, 0x0000000004ae4bf8]

GC Heap History (4 events):
Event: 3.854 GC heap before
{Heap before GC invocations=1 (full 0):
 PSYoungGen      total 37888K, used 32620K [0x00000000e0000000, 0x00000000e2a00000, 0x0000000100000000)
  eden space 32768K, 99% used [0x00000000e0000000,0x00000000e1fdb2c8,0x00000000e2000000)
  from space 5120K, 0% used [0x00000000e2500000,0x00000000e2500000,0x00000000e2a00000)
  to   space 5120K, 0% used [0x00000000e2000000,0x00000000e2000000,0x00000000e2500000)
 ParOldGen       total 86016K, used 0K [0x00000000a0000000, 0x00000000a5400000, 0x00000000e0000000)
  object space 86016K, 0% used [0x00000000a0000000,0x00000000a0000000,0x00000000a5400000)
 Metaspace       used 6782K, capacity 6952K, committed 7040K, reserved 1056768K
  class space    used 832K, capacity 888K, committed 896K, reserved 1048576K
Event: 3.858 GC heap after
Heap after GC invocations=1 (full 0):
 PSYoungGen      total 37888K, used 4391K [0x00000000e0000000, 0x00000000e2a00000, 0x0000000100000000)
  eden space 32768K, 0% used [0x00000000e0000000,0x00000000e0000000,0x00000000e2000000)
  from space 5120K, 85% used [0x00000000e2000000,0x00000000e2449c30,0x00000000e2500000)
  to   space 5120K, 0% used [0x00000000e2500000,0x00000000e2500000,0x00000000e2a00000)
 ParOldGen       total 86016K, used 8K [0x00000000a0000000, 0x00000000a5400000, 0x00000000e0000000)
  object space 86016K, 0% used [0x00000000a0000000,0x00000000a0002000,0x00000000a5400000)
 Metaspace       used 6782K, capacity 6952K, committed 7040K, reserved 1056768K
  class space    used 832K, capacity 888K, committed 896K, reserved 1048576K
}
Event: 6.457 GC heap before
{Heap before GC invocations=2 (full 0):
 PSYoungGen      total 37888K, used 37159K [0x00000000e0000000, 0x00000000e2a00000, 0x0000000100000000)
  eden space 32768K, 100% used [0x00000000e0000000,0x00000000e2000000,0x00000000e2000000)
  from space 5120K, 85% used [0x00000000e2000000,0x00000000e2449c30,0x00000000e2500000)
  to   space 5120K, 0% used [0x00000000e2500000,0x00000000e2500000,0x00000000e2a00000)
 ParOldGen       total 86016K, used 8K [0x00000000a0000000, 0x00000000a5400000, 0x00000000e0000000)
  object space 86016K, 0% used [0x00000000a0000000,0x00000000a0002000,0x00000000a5400000)
 Metaspace       used 12987K, capacity 13352K, committed 13440K, reserved 1060864K
  class space    used 1733K, capacity 1865K, committed 1920K, reserved 1048576K
Event: 6.462 GC heap after
Heap after GC invocations=2 (full 0):
 PSYoungGen      total 37888K, used 5097K [0x00000000e0000000, 0x00000000e2a00000, 0x0000000100000000)
  eden space 32768K, 0% used [0x00000000e0000000,0x00000000e0000000,0x00000000e2000000)
  from space 5120K, 99% used [0x00000000e2500000,0x00000000e29fa430,0x00000000e2a00000)
  to   space 5120K, 0% used [0x00000000e2000000,0x00000000e2000000,0x00000000e2500000)
 ParOldGen       total 86016K, used 755K [0x00000000a0000000, 0x00000000a5400000, 0x00000000e0000000)
  object space 86016K, 0% used [0x00000000a0000000,0x00000000a00bcf00,0x00000000a5400000)
 Metaspace       used 12987K, capacity 13352K, committed 13440K, reserved 1060864K
  class space    used 1733K, capacity 1865K, committed 1920K, reserved 1048576K
}

Deoptimization events (10 events):
Event: 6.391 Thread 0x0000000004561000 Uncommon trap: reason=class_check action=maybe_recompile pc=0x00000000048de93c method=java.util.HashMap.putVal(ILjava/lang/Object;Ljava/lang/Object;ZZ)Ljava/lang/Object; @ 203
Event: 6.407 Thread 0x0000000004561000 Uncommon trap: reason=unstable_if action=reinterpret pc=0x00000000048bafec method=sun.misc.MetaIndex.mayContain(Ljava/lang/String;)Z @ 38
Event: 6.421 Thread 0x000000001abe7000 Uncommon trap: reason=bimorphic action=maybe_recompile pc=0x00000000048dbd78 method=java.util.HashMap.putVal(ILjava/lang/Object;Ljava/lang/Object;ZZ)Ljava/lang/Object; @ 253
Event: 6.421 Thread 0x000000001abe7000 Uncommon trap: reason=bimorphic action=maybe_recompile pc=0x00000000048dbd78 method=java.util.HashMap.putVal(ILjava/lang/Object;Ljava/lang/Object;ZZ)Ljava/lang/Object; @ 253
Event: 6.421 Thread 0x000000001abe7000 Uncommon trap: reason=bimorphic action=maybe_recompile pc=0x00000000048dbd78 method=java.util.HashMap.putVal(ILjava/lang/Object;Ljava/lang/Object;ZZ)Ljava/lang/Object; @ 253
Event: 6.421 Thread 0x000000001abe7000 Uncommon trap: reason=bimorphic action=maybe_recompile pc=0x00000000048dbd78 method=java.util.HashMap.putVal(ILjava/lang/Object;Ljava/lang/Object;ZZ)Ljava/lang/Object; @ 253
Event: 6.534 Thread 0x000000001abe7000 Uncommon trap: reason=class_check action=maybe_recompile pc=0x00000000048d305c method=java.util.regex.Matcher.match(II)Z @ 86
Event: 6.535 Thread 0x000000001abe7000 Uncommon trap: reason=class_check action=maybe_recompile pc=0x00000000048d305c method=java.util.regex.Matcher.match(II)Z @ 86
Event: 6.670 Thread 0x000000001abe7000 Uncommon trap: reason=unstable_if action=reinterpret pc=0x00000000047b4dc8 method=java.net.URI.match(CJJ)Z @ 19
Event: 6.670 Thread 0x000000001abe7000 Uncommon trap: reason=unstable_if action=reinterpret pc=0x0000000004903740 method=java.net.URI.match(CJJ)Z @ 19

Internal exceptions (10 events):
Event: 6.390 Thread 0x000000001ab0a800 Exception <a 'java/lang/NoSuchMethodError': <clinit>> (0x00000000e191e698) thrown at [C:\src\android\AOSP-openjdk\external\jetbrains\jdk\hotspot\src\share\vm\prims\jni.cpp, line 1613]
Event: 6.393 Thread 0x0000000004561000 Exception <a 'java/lang/ArrayIndexOutOfBoundsException'> (0x00000000e1641728) thrown at [C:\src\android\AOSP-openjdk\external\jetbrains\jdk\hotspot\src\share\vm\runtime\sharedRuntime.cpp, line 605]
Event: 6.395 Thread 0x000000001ab0a800 Exception <a 'java/lang/NoSuchMethodError': <clinit>> (0x00000000e1949070) thrown at [C:\src\android\AOSP-openjdk\external\jetbrains\jdk\hotspot\src\share\vm\prims\jni.cpp, line 1613]
Event: 6.396 Thread 0x000000001ab0a800 Exception <a 'java/lang/NoSuchMethodError': <clinit>> (0x00000000e1956730) thrown at [C:\src\android\AOSP-openjdk\external\jetbrains\jdk\hotspot\src\share\vm\prims\jni.cpp, line 1613]
Event: 6.398 Thread 0x0000000004561000 Exception <a 'java/lang/ArrayIndexOutOfBoundsException'> (0x00000000e1982a68) thrown at [C:\src\android\AOSP-openjdk\external\jetbrains\jdk\hotspot\src\share\vm\runtime\sharedRuntime.cpp, line 605]
Event: 6.399 Thread 0x000000001ab0a800 Exception <a 'java/lang/NoSuchMethodError': <clinit>> (0x00000000e1a1c458) thrown at [C:\src\android\AOSP-openjdk\external\jetbrains\jdk\hotspot\src\share\vm\prims\jni.cpp, line 1613]
Event: 6.416 Thread 0x000000001abe7000 Exception <a 'java/lang/NoSuchMethodError': <clinit>> (0x00000000e1b1c028) thrown at [C:\src\android\AOSP-openjdk\external\jetbrains\jdk\hotspot\src\share\vm\prims\jni.cpp, line 1613]
Event: 6.416 Thread 0x000000001abe7000 Exception <a 'java/lang/NoSuchMethodError': <clinit>> (0x00000000e1b242b0) thrown at [C:\src\android\AOSP-openjdk\external\jetbrains\jdk\hotspot\src\share\vm\prims\jni.cpp, line 1613]
Event: 6.440 Thread 0x000000001abe7000 Exception <a 'java/lang/ArrayIndexOutOfBoundsException'> (0x00000000e1d71c00) thrown at [C:\src\android\AOSP-openjdk\external\jetbrains\jdk\hotspot\src\share\vm\runtime\sharedRuntime.cpp, line 605]
Event: 6.450 Thread 0x000000001abe7000 Exception <a 'java/lang/ArrayIndexOutOfBoundsException'> (0x00000000e1e43ad0) thrown at [C:\src\android\AOSP-openjdk\external\jetbrains\jdk\hotspot\src\share\vm\runtime\sharedRuntime.cpp, line 605]

Events (10 events):
Event: 6.692 loading class org/gradle/tooling/internal/protocol/events/InternalSuccessResult
Event: 6.692 loading class org/gradle/tooling/internal/protocol/events/InternalSuccessResult done
Event: 6.692 loading class org/gradle/tooling/internal/provider/events/DefaultTestSkippedResult
Event: 6.692 loading class org/gradle/tooling/internal/provider/events/DefaultTestSkippedResult done
Event: 6.692 loading class org/gradle/tooling/internal/protocol/events/InternalTestSkippedResult
Event: 6.692 loading class org/gradle/tooling/internal/protocol/events/InternalTestSkippedResult done
Event: 6.692 loading class org/gradle/tooling/internal/provider/events/DefaultTestFailureResult
Event: 6.692 loading class org/gradle/tooling/internal/provider/events/DefaultTestFailureResult done
Event: 6.692 loading class org/gradle/tooling/internal/protocol/events/InternalTestFailureResult
Event: 6.692 loading class org/gradle/tooling/internal/protocol/events/InternalTestFailureResult done


Dynamic libraries:
0x00007ff70a660000 - 0x00007ff70a691000 	C:\Program Files\Android\Android Studio\jre\bin\java.exe
0x00007ffaf7260000 - 0x00007ffaf7440000 	C:\WINDOWS\SYSTEM32\ntdll.dll
0x00007ffaf5320000 - 0x00007ffaf53ce000 	C:\WINDOWS\System32\KERNEL32.DLL
0x00007ffaf41e0000 - 0x00007ffaf4446000 	C:\WINDOWS\System32\KERNELBASE.dll
0x00007ffaf4900000 - 0x00007ffaf49a1000 	C:\WINDOWS\System32\ADVAPI32.dll
0x00007ffaf69e0000 - 0x00007ffaf6a7d000 	C:\WINDOWS\System32\msvcrt.dll
0x00007ffaf6da0000 - 0x00007ffaf6dfb000 	C:\WINDOWS\System32\sechost.dll
0x00007ffaf6e00000 - 0x00007ffaf6f1f000 	C:\WINDOWS\System32\RPCRT4.dll
0x00007ffaf6b90000 - 0x00007ffaf6d1f000 	C:\WINDOWS\System32\USER32.dll
0x00007ffaf44d0000 - 0x00007ffaf44f0000 	C:\WINDOWS\System32\win32u.dll
0x00007ffaf4ee0000 - 0x00007ffaf4f08000 	C:\WINDOWS\System32\GDI32.dll
0x00007ffaf44f0000 - 0x00007ffaf4683000 	C:\WINDOWS\System32\gdi32full.dll
0x00007ffaf4690000 - 0x00007ffaf472b000 	C:\WINDOWS\System32\msvcp_win.dll
0x00007ffaf3eb0000 - 0x00007ffaf3fa6000 	C:\WINDOWS\System32\ucrtbase.dll
0x00007ffae4a40000 - 0x00007ffae4ca9000 	C:\WINDOWS\WinSxS\amd64_microsoft.windows.common-controls_6595b64144ccf1df_6.0.16299.371_none_15c7d1789365a290\COMCTL32.dll
0x00007ffaf6f20000 - 0x00007ffaf7228000 	C:\WINDOWS\System32\combase.dll
0x00007ffaf4450000 - 0x00007ffaf44c2000 	C:\WINDOWS\System32\bcryptPrimitives.dll
0x00007ffaf52f0000 - 0x00007ffaf531d000 	C:\WINDOWS\System32\IMM32.DLL
0x000000005b6e0000 - 0x000000005b7b2000 	C:\Program Files\Android\Android Studio\jre\jre\bin\msvcr100.dll
0x000000005b7c0000 - 0x000000005bffc000 	C:\Program Files\Android\Android Studio\jre\jre\bin\server\jvm.dll
0x00007ffaf69d0000 - 0x00007ffaf69d8000 	C:\WINDOWS\System32\PSAPI.DLL
0x00007ffae91b0000 - 0x00007ffae91ba000 	C:\WINDOWS\SYSTEM32\VERSION.dll
0x00007ffae9cb0000 - 0x00007ffae9cd3000 	C:\WINDOWS\SYSTEM32\WINMM.dll
0x00007ffadee60000 - 0x00007ffadee69000 	C:\WINDOWS\SYSTEM32\WSOCK32.dll
0x00007ffaf4f70000 - 0x00007ffaf4fdc000 	C:\WINDOWS\System32\WS2_32.dll
0x00007ffae9170000 - 0x00007ffae919a000 	C:\WINDOWS\SYSTEM32\winmmbase.dll
0x00007ffaf3e60000 - 0x00007ffaf3eaa000 	C:\WINDOWS\System32\cfgmgr32.dll
0x00007ffaedf30000 - 0x00007ffaedf3f000 	C:\Program Files\Android\Android Studio\jre\jre\bin\verify.dll
0x00007ffaebcf0000 - 0x00007ffaebd19000 	C:\Program Files\Android\Android Studio\jre\jre\bin\java.dll
0x00007ffae0450000 - 0x00007ffae0466000 	C:\Program Files\Android\Android Studio\jre\jre\bin\zip.dll
0x00007ffaf54f0000 - 0x00007ffaf6926000 	C:\WINDOWS\System32\SHELL32.dll
0x00007ffaf6ae0000 - 0x00007ffaf6b86000 	C:\WINDOWS\System32\shcore.dll
0x00007ffaf3710000 - 0x00007ffaf3e57000 	C:\WINDOWS\System32\windows.storage.dll
0x00007ffaf4f10000 - 0x00007ffaf4f61000 	C:\WINDOWS\System32\shlwapi.dll
0x00007ffaf3620000 - 0x00007ffaf3631000 	C:\WINDOWS\System32\kernel.appcore.dll
0x00007ffaf35d0000 - 0x00007ffaf361c000 	C:\WINDOWS\System32\powrprof.dll
0x00007ffaf35b0000 - 0x00007ffaf35cb000 	C:\WINDOWS\System32\profapi.dll
0x00007ffae0410000 - 0x00007ffae042a000 	C:\Program Files\Android\Android Studio\jre\jre\bin\net.dll
0x00007ffaf2e40000 - 0x00007ffaf2ea6000 	C:\WINDOWS\system32\mswsock.dll
0x00007ffadfb00000 - 0x00007ffadfb11000 	C:\Program Files\Android\Android Studio\jre\jre\bin\nio.dll
0x00007ffad6c20000 - 0x00007ffad6c3e000 	C:\Users\Bhargav\.gradle\native\23\windows-amd64\native-platform.dll
0x00007ffaf3000000 - 0x00007ffaf3017000 	C:\WINDOWS\SYSTEM32\CRYPTSP.dll
0x00007ffaf2a40000 - 0x00007ffaf2a73000 	C:\WINDOWS\system32\rsaenh.dll
0x00007ffaf3110000 - 0x00007ffaf3135000 	C:\WINDOWS\SYSTEM32\bcrypt.dll
0x00007ffaf34e0000 - 0x00007ffaf3509000 	C:\WINDOWS\SYSTEM32\USERENV.dll
0x00007ffaf3020000 - 0x00007ffaf302b000 	C:\WINDOWS\SYSTEM32\CRYPTBASE.dll
0x00007ffaf2bd0000 - 0x00007ffaf2c09000 	C:\WINDOWS\SYSTEM32\IPHLPAPI.DLL
0x00007ffaf4ed0000 - 0x00007ffaf4ed8000 	C:\WINDOWS\System32\NSI.dll
0x00007ffaee3d0000 - 0x00007ffaee3e6000 	C:\WINDOWS\SYSTEM32\dhcpcsvc6.DLL
0x00007ffaeea30000 - 0x00007ffaeea4a000 	C:\WINDOWS\SYSTEM32\dhcpcsvc.DLL
0x00007ffaedf20000 - 0x00007ffaedf2d000 	C:\Program Files\Android\Android Studio\jre\jre\bin\management.dll

VM Arguments:
jvm_args: -Xmx1536m -Dfile.encoding=windows-1252 -Duser.country=US -Duser.language=en -Duser.variant 
java_command: org.gradle.launcher.daemon.bootstrap.GradleDaemon 3.3
java_class_path (initial): C:\Users\Bhargav\.gradle\wrapper\dists\gradle-3.3-all\55gk2rcmfc6p2dg9u9ohc3hw9\gradle-3.3\lib\gradle-launcher-3.3.jar
Launcher Type: SUN_STANDARD

Environment Variables:
PATH=C:\Windows\system32;C:\Windows;C:\Windows\System32\Wbem;C:\Windows\System32\WindowsPowerShell\v1.0\;C:\Program Files (x86)\NVIDIA Corporation\PhysX\Common;C:\WINDOWS\system32;C:\WINDOWS;C:\WINDOWS\System32\Wbem;C:\WINDOWS\System32\WindowsPowerShell\v1.0\;C:\Program Files (x86)\QuickTime\QTSystem\;C:\Program Files (x86)\Skype\Phone\;C:\Program Files\Git\cmd;C:\Program Files\Microsoft SQL Server\Client SDK\ODBC\110\Tools\Binn\;C:\Program Files (x86)\Microsoft SQL Server\120\Tools\Binn\;C:\Program Files\Microsoft SQL Server\120\Tools\Binn\;C:\Program Files\Microsoft SQL Server\120\DTS\Binn\;C:\Program Files (x86)\Windows Kits\8.1\Windows Performance Toolkit\;B:\MATLAB\R2018a\bin;C:\Users\Bhargav\AppData\Local\Microsoft\WindowsApps;C:\Users\Bhargav\AppData\Local\GitHubDesktop\bin;%USERPROFILE%\AppData\Local\Microsoft\WindowsApps;
USERNAME=Bhargav
OS=Windows_NT
PROCESSOR_IDENTIFIER=Intel64 Family 6 Model 60 Stepping 3, GenuineIntel



---------------  S Y S T E M  ---------------

OS: Windows 10.0 , 64 bit Build 16299 (10.0.16299.15)

CPU:total 4 (4 cores per cpu, 1 threads per core) family 6 model 60 stepping 3, cmov, cx8, fxsr, mmx, sse, sse2, sse3, ssse3, sse4.1, sse4.2, popcnt, avx, avx2, aes, clmul, erms, lzcnt, tsc, tscinvbit, bmi1, bmi2

Memory: 4k page, physical 8246632k(662828k free), swap 13980388k(4312k free)

vm_info: OpenJDK 64-Bit Server VM (25.112-b06) for windows-amd64 JRE (1.8.0_112-release-b06), built on Dec  8 2016 00:54:26 by "builder" with MS VC++ 10.0 (VS2010)

time: Sat Apr 21 23:49:08 2018
elapsed time: 6 seconds (0d 0h 0m 6s)

